[debug] [2025-08-25T23:45:08.885Z] ----------------------------------------------------------------------
[debug] [2025-08-25T23:45:08.889Z] Command:       D:\Install\node.exe D:\Node js\npm-global\node_modules\firebase-tools\lib\bin\firebase.js init functions
[debug] [2025-08-25T23:45:08.889Z] CLI Version:   14.12.1
[debug] [2025-08-25T23:45:08.890Z] Platform:      win32
[debug] [2025-08-25T23:45:08.890Z] Node Version:  v24.3.0
[debug] [2025-08-25T23:45:08.890Z] Time:          Mon Aug 25 2025 19:45:08 GMT-0400 (Eastern Daylight Time)
[debug] [2025-08-25T23:45:08.890Z] ----------------------------------------------------------------------
[debug] 
[debug] [2025-08-25T23:45:08.905Z] > command requires scopes: ["email","openid","https://www.googleapis.com/auth/cloudplatformprojects.readonly","https://www.googleapis.com/auth/firebase","https://www.googleapis.com/auth/cloud-platform"]
[debug] [2025-08-25T23:45:08.906Z] > authorizing via signed-in user (suranimayank44@gmail.com)
[info] 
     ######## #### ########  ######## ########     ###     ######  ########
     ##        ##  ##     ## ##       ##     ##  ##   ##  ##       ##
     ######    ##  ########  ######   ########  #########  ######  ######
     ##        ##  ##    ##  ##       ##     ## ##     ##       ## ##
     ##       #### ##     ## ######## ########  ##     ##  ######  ########

You're about to initialize a Firebase project in this directory:

  D:\App\OnlineQuiz

[info] 
=== Project Setup
[info] 
[info] First, let's associate this project directory with a Firebase project.
[info] You can create multiple project aliases by running firebase use --add, 
[info] but for now we'll just set up a default project.
[info] 
[debug] [2025-08-25T23:45:48.351Z] Checked if tokens are valid: false, expires at: 1736034915680
[debug] [2025-08-25T23:45:48.352Z] Checked if tokens are valid: false, expires at: 1736034915680
[debug] [2025-08-25T23:45:48.352Z] > refreshing access token with scopes: []
[debug] [2025-08-25T23:45:48.380Z] >>> [apiv2][query] POST https://www.googleapis.com/oauth2/v3/token [none]
[debug] [2025-08-25T23:45:48.381Z] >>> [apiv2][body] POST https://www.googleapis.com/oauth2/v3/token [omitted]
[debug] [2025-08-25T23:45:51.180Z] <<< [apiv2][status] POST https://www.googleapis.com/oauth2/v3/token 400
[debug] [2025-08-25T23:45:51.180Z] <<< [apiv2][body] POST https://www.googleapis.com/oauth2/v3/token [omitted]
[debug] [2025-08-25T23:45:51.180Z] >>> [apiv2][query] GET https://firebase.googleapis.com/v1beta1/projects pageSize=100
[debug] [2025-08-25T23:45:51.490Z] <<< [apiv2][status] GET https://firebase.googleapis.com/v1beta1/projects 401
[debug] [2025-08-25T23:45:51.490Z] <<< [apiv2][body] GET https://firebase.googleapis.com/v1beta1/projects [omitted]
[debug] [2025-08-25T23:45:51.490Z] Got a 401 Unauthenticated error for a call that required authentication. Refreshing tokens.
[debug] [2025-08-25T23:45:51.490Z] Checked if tokens are valid: false, expires at: 1736034915680
[debug] [2025-08-25T23:45:51.490Z] Checked if tokens are valid: false, expires at: 1736034915680
[debug] [2025-08-25T23:45:51.490Z] > refreshing access token with scopes: []
[debug] [2025-08-25T23:45:51.490Z] >>> [apiv2][query] POST https://www.googleapis.com/oauth2/v3/token [none]
[debug] [2025-08-25T23:45:51.491Z] >>> [apiv2][body] POST https://www.googleapis.com/oauth2/v3/token [omitted]
[debug] [2025-08-25T23:45:51.566Z] <<< [apiv2][status] POST https://www.googleapis.com/oauth2/v3/token 400
[debug] [2025-08-25T23:45:51.566Z] <<< [apiv2][body] POST https://www.googleapis.com/oauth2/v3/token [omitted]
[debug] [2025-08-25T23:45:51.567Z] Request to https://firebase.googleapis.com/v1beta1/projects?pageSize=100 had HTTP Error: 401, Request had invalid authentication credentials. Expected OAuth 2 access token, login cookie or other valid authentication credential. See https://developers.google.com/identity/sign-in/web/devconsole-project.
[debug] [2025-08-25T23:45:51.854Z] FirebaseError: Request to https://firebase.googleapis.com/v1beta1/projects?pageSize=100 had HTTP Error: 401, Request had invalid authentication credentials. Expected OAuth 2 access token, login cookie or other valid authentication credential. See https://developers.google.com/identity/sign-in/web/devconsole-project.
    at responseToError (D:\Node js\npm-global\node_modules\firebase-tools\lib\responseToError.js:52:12)
    at RetryOperation._fn (D:\Node js\npm-global\node_modules\firebase-tools\lib\apiv2.js:312:77)
    at process.processTicksAndRejections (node:internal/process/task_queues:105:5)
[error] 
[error] Error: Failed to list Firebase projects. See firebase-debug.log for more info.
